# JRE version: Java(TM) SE Runtime Environment (8.0_111-b14) (build 1.8.0_111-b14)
# Java VM: Java HotSpot(TM) 64-Bit Server VM (25.111-b14 mixed mode linux-amd64 compressed oops)
Heap:
 PSYoungGen      total 128000K, used 191K [0x00000000eb700000, 0x00000000f3500000, 0x0000000100000000)
  eden space 126976K, 0% used [0x00000000eb700000,0x00000000eb700000,0x00000000f3300000)
  from space 1024K, 18% used [0x00000000f3300000,0x00000000f332fe30,0x00000000f3400000)
  to   space 1024K, 0% used [0x00000000f3400000,0x00000000f3400000,0x00000000f3500000)
 ParOldGen       total 42496K, used 540K [0x00000000c2400000, 0x00000000c4d80000, 0x00000000eb700000)
  object space 42496K, 1% used [0x00000000c2400000,0x00000000c24871a0,0x00000000c4d80000)
 Metaspace       used 2687K, capacity 4664K, committed 4864K, reserved 1056768K
  class space    used 294K, capacity 424K, committed 512K, reserved 1048576K
GC Heap History (10 events):
Event: 0.331 GC heap after
Heap after GC invocations=2 (full 0):
 PSYoungGen      total 34304K, used 560K [0x00000000eb700000, 0x00000000edb00000, 0x0000000100000000)
  eden space 31744K, 0% used [0x00000000eb700000,0x00000000eb700000,0x00000000ed600000)
  from space 2560K, 21% used [0x00000000ed880000,0x00000000ed90c140,0x00000000edb00000)
  to   space 2560K, 0% used [0x00000000ed600000,0x00000000ed600000,0x00000000ed880000)
 ParOldGen       total 42496K, used 0K [0x00000000c2400000, 0x00000000c4d80000, 0x00000000eb700000)
  object space 42496K, 0% used [0x00000000c2400000,0x00000000c2400000,0x00000000c4d80000)
 Metaspace       used 2687K, capacity 4664K, committed 4864K, reserved 1056768K
  class space    used 294K, capacity 424K, committed 512K, reserved 1048576K
}
Event: 0.342 GC heap before
{Heap before GC invocations=3 (full 0):
 PSYoungGen      total 34304K, used 32288K [0x00000000eb700000, 0x00000000edb00000, 0x0000000100000000)
  eden space 31744K, 99% used [0x00000000eb700000,0x00000000ed5fc118,0x00000000ed600000)
  from space 2560K, 21% used [0x00000000ed880000,0x00000000ed90c140,0x00000000edb00000)
  to   space 2560K, 0% used [0x00000000ed600000,0x00000000ed600000,0x00000000ed880000)
 ParOldGen       total 42496K, used 0K [0x00000000c2400000, 0x00000000c4d80000, 0x00000000eb700000)
  object space 42496K, 0% used [0x00000000c2400000,0x00000000c2400000,0x00000000c4d80000)
 Metaspace       used 2687K, capacity 4664K, committed 4864K, reserved 1056768K
  class space    used 294K, capacity 424K, committed 512K, reserved 1048576K
Event: 0.344 GC heap after
Heap after GC invocations=3 (full 0):
 PSYoungGen      total 34304K, used 592K [0x00000000eb700000, 0x00000000efa00000, 0x0000000100000000)
  eden space 31744K, 0% used [0x00000000eb700000,0x00000000eb700000,0x00000000ed600000)
  from space 2560K, 23% used [0x00000000ed600000,0x00000000ed694140,0x00000000ed880000)
  to   space 2560K, 0% used [0x00000000ef780000,0x00000000ef780000,0x00000000efa00000)
 ParOldGen       total 42496K, used 8K [0x00000000c2400000, 0x00000000c4d80000, 0x00000000eb700000)
  object space 42496K, 0% used [0x00000000c2400000,0x00000000c2402000,0x00000000c4d80000)
 Metaspace       used 2687K, capacity 4664K, committed 4864K, reserved 1056768K
  class space    used 294K, capacity 424K, committed 512K, reserved 1048576K
}
Event: 0.348 GC heap before
{Heap before GC invocations=4 (full 0):
 PSYoungGen      total 34304K, used 32336K [0x00000000eb700000, 0x00000000efa00000, 0x0000000100000000)
  eden space 31744K, 100% used [0x00000000eb700000,0x00000000ed600000,0x00000000ed600000)
  from space 2560K, 23% used [0x00000000ed600000,0x00000000ed694140,0x00000000ed880000)
  to   space 2560K, 0% used [0x00000000ef780000,0x00000000ef780000,0x00000000efa00000)
 ParOldGen       total 42496K, used 8K [0x00000000c2400000, 0x00000000c4d80000, 0x00000000eb700000)
  object space 42496K, 0% used [0x00000000c2400000,0x00000000c2402000,0x00000000c4d80000)
 Metaspace       used 2687K, capacity 4664K, committed 4864K, reserved 1056768K
  class space    used 294K, capacity 424K, committed 512K, reserved 1048576K
Event: 0.351 GC heap after
Heap after GC invocations=4 (full 0):
 PSYoungGen      total 66048K, used 614K [0x00000000eb700000, 0x00000000efa00000, 0x0000000100000000)
  eden space 63488K, 0% used [0x00000000eb700000,0x00000000eb700000,0x00000000ef500000)
  from space 2560K, 24% used [0x00000000ef780000,0x00000000ef8199e0,0x00000000efa00000)
  to   space 2560K, 0% used [0x00000000ef500000,0x00000000ef500000,0x00000000ef780000)
 ParOldGen       total 42496K, used 8K [0x00000000c2400000, 0x00000000c4d80000, 0x00000000eb700000)
  object space 42496K, 0% used [0x00000000c2400000,0x00000000c2402000,0x00000000c4d80000)
 Metaspace       used 2687K, capacity 4664K, committed 4864K, reserved 1056768K
  class space    used 294K, capacity 424K, committed 512K, reserved 1048576K
}
Event: 0.374 GC heap before
{Heap before GC invocations=5 (full 0):
 PSYoungGen      total 66048K, used 64087K [0x00000000eb700000, 0x00000000efa00000, 0x0000000100000000)
  eden space 63488K, 99% used [0x00000000eb700000,0x00000000ef4fc468,0x00000000ef500000)
  from space 2560K, 24% used [0x00000000ef780000,0x00000000ef8199e0,0x00000000efa00000)
  to   space 2560K, 0% used [0x00000000ef500000,0x00000000ef500000,0x00000000ef780000)
 ParOldGen       total 42496K, used 8K [0x00000000c2400000, 0x00000000c4d80000, 0x00000000eb700000)
  object space 42496K, 0% used [0x00000000c2400000,0x00000000c2402000,0x00000000c4d80000)
 Metaspace       used 2687K, capacity 4664K, committed 4864K, reserved 1056768K
  class space    used 294K, capacity 424K, committed 512K, reserved 1048576K
Event: 0.376 GC heap after
Heap after GC invocations=5 (full 0):
 PSYoungGen      total 66048K, used 631K [0x00000000eb700000, 0x00000000f3500000, 0x0000000100000000)
  eden space 63488K, 0% used [0x00000000eb700000,0x00000000eb700000,0x00000000ef500000)
  from space 2560K, 24% used [0x00000000ef500000,0x00000000ef59dc50,0x00000000ef780000)
  to   space 1024K, 0% used [0x00000000f3400000,0x00000000f3400000,0x00000000f3500000)
 ParOldGen       total 42496K, used 8K [0x00000000c2400000, 0x00000000c4d80000, 0x00000000eb700000)
  object space 42496K, 0% used [0x00000000c2400000,0x00000000c2402000,0x00000000c4d80000)
 Metaspace       used 2687K, capacity 4664K, committed 4864K, reserved 1056768K
  class space    used 294K, capacity 424K, committed 512K, reserved 1048576K
}
Event: 0.398 GC heap before
{Heap before GC invocations=6 (full 0):
 PSYoungGen      total 66048K, used 64088K [0x00000000eb700000, 0x00000000f3500000, 0x0000000100000000)
  eden space 63488K, 99% used [0x00000000eb700000,0x00000000ef4f85d0,0x00000000ef500000)
  from space 2560K, 24% used [0x00000000ef500000,0x00000000ef59dc50,0x00000000ef780000)
  to   space 1024K, 0% used [0x00000000f3400000,0x00000000f3400000,0x00000000f3500000)
 ParOldGen       total 42496K, used 8K [0x00000000c2400000, 0x00000000c4d80000, 0x00000000eb700000)
  object space 42496K, 0% used [0x00000000c2400000,0x00000000c2402000,0x00000000c4d80000)
 Metaspace       used 2687K, capacity 4664K, committed 4864K, reserved 1056768K
  class space    used 294K, capacity 424K, committed 512K, reserved 1048576K
Event: 0.400 GC heap after
Heap after GC invocations=6 (full 0):
 PSYoungGen      total 128000K, used 602K [0x00000000eb700000, 0x00000000f3500000, 0x0000000100000000)
  eden space 126976K, 0% used [0x00000000eb700000,0x00000000eb700000,0x00000000f3300000)
  from space 1024K, 58% used [0x00000000f3400000,0x00000000f34969a8,0x00000000f3500000)
  to   space 1024K, 0% used [0x00000000f3300000,0x00000000f3300000,0x00000000f3400000)
 ParOldGen       total 42496K, used 8K [0x00000000c2400000, 0x00000000c4d80000, 0x00000000eb700000)
  object space 42496K, 0% used [0x00000000c2400000,0x00000000c2402000,0x00000000c4d80000)
 Metaspace       used 2687K, capacity 4664K, committed 4864K, reserved 1056768K
  class space    used 294K, capacity 424K, committed 512K, reserved 1048576K
}
Event: 0.446 GC heap before
{Heap before GC invocations=7 (full 0):
 PSYoungGen      total 128000K, used 127578K [0x00000000eb700000, 0x00000000f3500000, 0x0000000100000000)
  eden space 126976K, 100% used [0x00000000eb700000,0x00000000f3300000,0x00000000f3300000)
  from space 1024K, 58% used [0x00000000f3400000,0x00000000f34969a8,0x00000000f3500000)
  to   space 1024K, 0% used [0x00000000f3300000,0x00000000f3300000,0x00000000f3400000)
 ParOldGen       total 42496K, used 8K [0x00000000c2400000, 0x00000000c4d80000, 0x00000000eb700000)
  object space 42496K, 0% used [0x00000000c2400000,0x00000000c2402000,0x00000000c4d80000)
 Metaspace       used 2687K, capacity 4664K, committed 4864K, reserved 1056768K
  class space    used 294K, capacity 424K, committed 512K, reserved 1048576K

