# JRE version: Java(TM) SE Runtime Environment (8.0_111-b14) (build 1.8.0_111-b14)
# Java VM: Java HotSpot(TM) 64-Bit Server VM (25.111-b14 mixed mode linux-amd64 compressed oops)
Heap:
 PSYoungGen      total 254976K, used 297K [0x00000000eb700000, 0x00000000fb100000, 0x0000000100000000)
  eden space 253952K, 0% used [0x00000000eb700000,0x00000000eb700000,0x00000000faf00000)
  from space 1024K, 29% used [0x00000000faf00000,0x00000000faf4a718,0x00000000fb000000)
  to   space 1024K, 0% used [0x00000000fb000000,0x00000000fb000000,0x00000000fb100000)
 ParOldGen       total 42496K, used 544K [0x00000000c2400000, 0x00000000c4d80000, 0x00000000eb700000)
  object space 42496K, 1% used [0x00000000c2400000,0x00000000c2488190,0x00000000c4d80000)
 Metaspace       used 2844K, capacity 4664K, committed 4864K, reserved 1056768K
  class space    used 312K, capacity 424K, committed 512K, reserved 1048576K
GC Heap History (10 events):
Event: 0.277 GC heap after
Heap after GC invocations=4 (full 0):
 PSYoungGen      total 66048K, used 625K [0x00000000eb700000, 0x00000000efa00000, 0x0000000100000000)
  eden space 63488K, 0% used [0x00000000eb700000,0x00000000eb700000,0x00000000ef500000)
  from space 2560K, 24% used [0x00000000ef780000,0x00000000ef81c620,0x00000000efa00000)
  to   space 2560K, 0% used [0x00000000ef500000,0x00000000ef500000,0x00000000ef780000)
 ParOldGen       total 42496K, used 16K [0x00000000c2400000, 0x00000000c4d80000, 0x00000000eb700000)
  object space 42496K, 0% used [0x00000000c2400000,0x00000000c2404000,0x00000000c4d80000)
 Metaspace       used 2844K, capacity 4664K, committed 4864K, reserved 1056768K
  class space    used 312K, capacity 424K, committed 512K, reserved 1048576K
}
Event: 0.303 GC heap before
{Heap before GC invocations=5 (full 0):
 PSYoungGen      total 66048K, used 64082K [0x00000000eb700000, 0x00000000efa00000, 0x0000000100000000)
  eden space 63488K, 99% used [0x00000000eb700000,0x00000000ef4f8370,0x00000000ef500000)
  from space 2560K, 24% used [0x00000000ef780000,0x00000000ef81c620,0x00000000efa00000)
  to   space 2560K, 0% used [0x00000000ef500000,0x00000000ef500000,0x00000000ef780000)
 ParOldGen       total 42496K, used 16K [0x00000000c2400000, 0x00000000c4d80000, 0x00000000eb700000)
  object space 42496K, 0% used [0x00000000c2400000,0x00000000c2404000,0x00000000c4d80000)
 Metaspace       used 2844K, capacity 4664K, committed 4864K, reserved 1056768K
  class space    used 312K, capacity 424K, committed 512K, reserved 1048576K
Event: 0.306 GC heap after
Heap after GC invocations=5 (full 0):
 PSYoungGen      total 66048K, used 634K [0x00000000eb700000, 0x00000000f3500000, 0x0000000100000000)
  eden space 63488K, 0% used [0x00000000eb700000,0x00000000eb700000,0x00000000ef500000)
  from space 2560K, 24% used [0x00000000ef500000,0x00000000ef59e9a8,0x00000000ef780000)
  to   space 1024K, 0% used [0x00000000f3400000,0x00000000f3400000,0x00000000f3500000)
 ParOldGen       total 42496K, used 16K [0x00000000c2400000, 0x00000000c4d80000, 0x00000000eb700000)
  object space 42496K, 0% used [0x00000000c2400000,0x00000000c2404000,0x00000000c4d80000)
 Metaspace       used 2844K, capacity 4664K, committed 4864K, reserved 1056768K
  class space    used 312K, capacity 424K, committed 512K, reserved 1048576K
}
Event: 0.319 GC heap before
{Heap before GC invocations=6 (full 0):
 PSYoungGen      total 66048K, used 64121K [0x00000000eb700000, 0x00000000f3500000, 0x0000000100000000)
  eden space 63488K, 99% used [0x00000000eb700000,0x00000000ef4ffa60,0x00000000ef500000)
  from space 2560K, 24% used [0x00000000ef500000,0x00000000ef59e9a8,0x00000000ef780000)
  to   space 1024K, 0% used [0x00000000f3400000,0x00000000f3400000,0x00000000f3500000)
 ParOldGen       total 42496K, used 16K [0x00000000c2400000, 0x00000000c4d80000, 0x00000000eb700000)
  object space 42496K, 0% used [0x00000000c2400000,0x00000000c2404000,0x00000000c4d80000)
 Metaspace       used 2844K, capacity 4664K, committed 4864K, reserved 1056768K
  class space    used 312K, capacity 424K, committed 512K, reserved 1048576K
Event: 0.322 GC heap after
Heap after GC invocations=6 (full 0):
 PSYoungGen      total 128000K, used 750K [0x00000000eb700000, 0x00000000f3500000, 0x0000000100000000)
  eden space 126976K, 0% used [0x00000000eb700000,0x00000000eb700000,0x00000000f3300000)
  from space 1024K, 73% used [0x00000000f3400000,0x00000000f34bba28,0x00000000f3500000)
  to   space 1024K, 0% used [0x00000000f3300000,0x00000000f3300000,0x00000000f3400000)
 ParOldGen       total 42496K, used 16K [0x00000000c2400000, 0x00000000c4d80000, 0x00000000eb700000)
  object space 42496K, 0% used [0x00000000c2400000,0x00000000c2404000,0x00000000c4d80000)
 Metaspace       used 2844K, capacity 4664K, committed 4864K, reserved 1056768K
  class space    used 312K, capacity 424K, committed 512K, reserved 1048576K
}
Event: 0.363 GC heap before
{Heap before GC invocations=7 (full 0):
 PSYoungGen      total 128000K, used 127726K [0x00000000eb700000, 0x00000000f3500000, 0x0000000100000000)
  eden space 126976K, 100% used [0x00000000eb700000,0x00000000f3300000,0x00000000f3300000)
  from space 1024K, 73% used [0x00000000f3400000,0x00000000f34bba28,0x00000000f3500000)
  to   space 1024K, 0% used [0x00000000f3300000,0x00000000f3300000,0x00000000f3400000)
 ParOldGen       total 42496K, used 16K [0x00000000c2400000, 0x00000000c4d80000, 0x00000000eb700000)
  object space 42496K, 0% used [0x00000000c2400000,0x00000000c2404000,0x00000000c4d80000)
 Metaspace       used 2844K, capacity 4664K, committed 4864K, reserved 1056768K
  class space    used 312K, capacity 424K, committed 512K, reserved 1048576K
Event: 0.369 GC heap after
Heap after GC invocations=7 (full 0):
 PSYoungGen      total 128000K, used 191K [0x00000000eb700000, 0x00000000fb100000, 0x0000000100000000)
  eden space 126976K, 0% used [0x00000000eb700000,0x00000000eb700000,0x00000000f3300000)
  from space 1024K, 18% used [0x00000000f3300000,0x00000000f332fe30,0x00000000f3400000)
  to   space 1024K, 0% used [0x00000000fb000000,0x00000000fb000000,0x00000000fb100000)
 ParOldGen       total 42496K, used 544K [0x00000000c2400000, 0x00000000c4d80000, 0x00000000eb700000)
  object space 42496K, 1% used [0x00000000c2400000,0x00000000c2488190,0x00000000c4d80000)
 Metaspace       used 2844K, capacity 4664K, committed 4864K, reserved 1056768K
  class space    used 312K, capacity 424K, committed 512K, reserved 1048576K
}
Event: 0.403 GC heap before
{Heap before GC invocations=8 (full 0):
 PSYoungGen      total 128000K, used 127105K [0x00000000eb700000, 0x00000000fb100000, 0x0000000100000000)
  eden space 126976K, 99% used [0x00000000eb700000,0x00000000f32f0958,0x00000000f3300000)
  from space 1024K, 18% used [0x00000000f3300000,0x00000000f332fe30,0x00000000f3400000)
  to   space 1024K, 0% used [0x00000000fb000000,0x00000000fb000000,0x00000000fb100000)
 ParOldGen       total 42496K, used 544K [0x00000000c2400000, 0x00000000c4d80000, 0x00000000eb700000)
  object space 42496K, 1% used [0x00000000c2400000,0x00000000c2488190,0x00000000c4d80000)
 Metaspace       used 2844K, capacity 4664K, committed 4864K, reserved 1056768K
  class space    used 312K, capacity 424K, committed 512K, reserved 1048576K
Event: 0.412 GC heap after
Heap after GC invocations=8 (full 0):
 PSYoungGen      total 254976K, used 219K [0x00000000eb700000, 0x00000000fb100000, 0x0000000100000000)
  eden space 253952K, 0% used [0x00000000eb700000,0x00000000eb700000,0x00000000faf00000)
  from space 1024K, 21% used [0x00000000fb000000,0x00000000fb036ea8,0x00000000fb100000)
  to   space 1024K, 0% used [0x00000000faf00000,0x00000000faf00000,0x00000000fb000000)
 ParOldGen       total 42496K, used 544K [0x00000000c2400000, 0x00000000c4d80000, 0x00000000eb700000)
  object space 42496K, 1% used [0x00000000c2400000,0x00000000c2488190,0x00000000c4d80000)
 Metaspace       used 2844K, capacity 4664K, committed 4864K, reserved 1056768K
  class space    used 312K, capacity 424K, committed 512K, reserved 1048576K
}
Event: 0.645 GC heap before
{Heap before GC invocations=9 (full 0):
 PSYoungGen      total 254976K, used 254171K [0x00000000eb700000, 0x00000000fb100000, 0x0000000100000000)
  eden space 253952K, 100% used [0x00000000eb700000,0x00000000faf00000,0x00000000faf00000)
  from space 1024K, 21% used [0x00000000fb000000,0x00000000fb036ea8,0x00000000fb100000)
  to   space 1024K, 0% used [0x00000000faf00000,0x00000000faf00000,0x00000000fb000000)
 ParOldGen       total 42496K, used 544K [0x00000000c2400000, 0x00000000c4d80000, 0x00000000eb700000)
  object space 42496K, 1% used [0x00000000c2400000,0x00000000c2488190,0x00000000c4d80000)
 Metaspace       used 2844K, capacity 4664K, committed 4864K, reserved 1056768K
  class space    used 312K, capacity 424K, committed 512K, reserved 1048576K

